NOTE	Uinstall Log for WinHugs
FILE	.\install.log
FILE	.\docs\hugs98.chm	127520	E7BFDEF9
FILE	.\packages\base\Control\Applicative.hs	6272	38FF6611
FILE	.\packages\base\Control\Arrow.hs	8928	3F5705E2
FILE	.\packages\base\Control\Concurrent\Chan.hs	4910	587562AE
FILE	.\packages\base\Control\Concurrent\MVar.hs	3187	9B440073
FILE	.\packages\base\Control\Concurrent\QSem.hs	3011	F961DA16
FILE	.\packages\base\Control\Concurrent\QSemN.hs	2872	4CE94457
FILE	.\packages\base\Control\Concurrent\SampleVar.hs	3486	3EB0AC0E
FILE	.\packages\base\Control\Concurrent.hs	10041	22655C8F
FILE	.\packages\base\Control\Exception.hs	17475	108224DC
FILE	.\packages\base\Control\Monad\Fix.hs	2410	3F2148B8
FILE	.\packages\base\Control\Monad\Instances.hs	862	3C79E920
FILE	.\packages\base\Control\Monad\ST\Lazy.hs	1900	7F27726B
FILE	.\packages\base\Control\Monad\ST\Strict.hs	666	B8E1F79E
FILE	.\packages\base\Control\Monad\ST.hs	2521	E14C08CC
FILE	.\packages\base\Control\Monad.hs	9718	F98BED2F
FILE	.\packages\base\Control\Parallel.hs	1487	3619FCA4
FILE	.\packages\base\Data\Array\Base.hs	48903	316B011E
FILE	.\packages\base\Data\Array\Diff.hs	17032	A5697B0B
FILE	.\packages\base\Data\Array\IArray.hs	1975	5C00CE07
FILE	.\packages\base\Data\Array\IO\Internals.hs	12974	5ABA2633
FILE	.\packages\base\Data\Array\IO.hs	2711	8B5681A9
FILE	.\packages\base\Data\Array\MArray.hs	2199	45C77552
FILE	.\packages\base\Data\Array\ST.hs	2521	331B81F5
FILE	.\packages\base\Data\Array\Storable.hs	3553	5D4CA49B
FILE	.\packages\base\Data\Array\Unboxed.hs	739	3A293ACF
FILE	.\packages\base\Data\Array.hs	2913	7838471
FILE	.\packages\base\Data\Bits.hs	12431	B7D9197E
FILE	.\packages\base\Data\Bool.hs	760	925CE10F
FILE	.\packages\base\Data\ByteString\Lazy\Char8.hs	31437	431DC499
FILE	.\packages\base\Data\Char.hs	7055	234199D0
FILE	.\packages\base\Data\Complex.hs	7871	FCD30607
FILE	.\packages\base\Data\Dynamic.hs	4905	9D778036
FILE	.\packages\base\Data\Either.hs	674	42B846F5
FILE	.\packages\base\Data\Eq.hs	526	63855003
FILE	.\packages\base\Data\Fixed.hs	4960	9DF18A21
FILE	.\packages\base\Data\Foldable.hs	9344	743F3734
FILE	.\packages\base\Data\FunctorM.hs	1398	92C526D4
FILE	.\packages\base\Data\Graph.hs	13429	4B265013
FILE	.\packages\base\Data\HashTable.hs	16057	C282E0DA
FILE	.\packages\base\Data\Int.hs	1706	4F73B8A
FILE	.\packages\base\Data\IntMap.hs	50456	D0F4FD2C
FILE	.\packages\base\Data\IntSet.hs	29911	A48541FD
FILE	.\packages\base\Data\IORef.hs	1887	B77F5C28
FILE	.\packages\base\Data\Ix.hs	2292	5AF24B32
FILE	.\packages\base\Data\List.hs	30864	B48ABDB9
FILE	.\packages\base\Data\Map.hs	67285	4871142D
FILE	.\packages\base\Data\Maybe.hs	3179	5C9D3BEC
FILE	.\packages\base\Data\Monoid.hs	4187	A7B5C4C8
FILE	.\packages\base\Data\Ord.hs	875	4AE19CE
FILE	.\packages\base\Data\PackedString.hs	14009	3E6B3AB7
FILE	.\packages\base\Data\Queue.hs	3642	295477E
FILE	.\packages\base\Data\Ratio.hs	3108	2C295709
FILE	.\packages\base\Data\Sequence.hs	37731	167CAD49
FILE	.\packages\base\Data\Set.hs	39033	EF87525C
FILE	.\packages\base\Data\STRef\Lazy.hs	1220	86754445
FILE	.\packages\base\Data\STRef\Strict.hs	645	9D6FB24E
FILE	.\packages\base\Data\STRef.hs	1842	9F34E86C
FILE	.\packages\base\Data\Traversable.hs	4718	169BEDBC
FILE	.\packages\base\Data\Tree.hs	5311	BA4D7CA1
FILE	.\packages\base\Data\Tuple.hs	1371	C01C4E82
FILE	.\packages\base\Data\Typeable.hs	21776	8CC2E216
FILE	.\packages\base\Data\Unique.hs	1731	98B6F9F5
FILE	.\packages\base\Data\Version.hs	5389	9B373AAA
FILE	.\packages\base\Data\Word.hs	1969	E21DC2D6
FILE	.\packages\base\Debug\Trace.hs	1764	20CA8DBC
FILE	.\packages\base\Foreign\C\Error.c	1936	E507210B
FILE	.\packages\base\Foreign\C\Error.dll	469340	1B81D1B2
FILE	.\packages\base\Foreign\C\Error.hs	26891	588BBD7C
FILE	.\packages\base\Foreign\C\String.hs	13348	8D23BADA
FILE	.\packages\base\Foreign\C\Types.hs	92253	95A729D7
FILE	.\packages\base\Foreign\C.hs	711	5F942F02
FILE	.\packages\base\Foreign\ForeignPtr.hs	5284	1F3C3293
FILE	.\packages\base\Foreign\Marshal\Alloc.c	2117	A639B5EC
FILE	.\packages\base\Foreign\Marshal\Alloc.dll	449749	140EBFAC
FILE	.\packages\base\Foreign\Marshal\Alloc.hs	6447	21F0611A
FILE	.\packages\base\Foreign\Marshal\Array.hs	8947	F5AD2D6B
FILE	.\packages\base\Foreign\Marshal\Error.hs	2544	8E16FF26
FILE	.\packages\base\Foreign\Marshal\Pool.hs	7200	900F3BCE
FILE	.\packages\base\Foreign\Marshal\Utils.c	1641	F1C364D1
FILE	.\packages\base\Foreign\Marshal\Utils.dll	449343	EA92459E
FILE	.\packages\base\Foreign\Marshal\Utils.hs	5595	2D02AFFD
FILE	.\packages\base\Foreign\Marshal.hs	880	1686B05A
FILE	.\packages\base\Foreign\Ptr.c	2497	2144C189
FILE	.\packages\base\Foreign\Ptr.dll	469729	74A3E461
FILE	.\packages\base\Foreign\Ptr.hs	21259	9A3BF8E1
FILE	.\packages\base\Foreign\StablePtr.hs	1711	665BD442
FILE	.\packages\base\Foreign\Storable.hs	23509	2DFD37B9
FILE	.\packages\base\Foreign.hs	1234	DBAC9828
FILE	.\packages\base\LICENSE	3881	44D105FC
FILE	.\packages\base\Numeric.hs	3334	D91C94D5
FILE	.\packages\base\Paths_base.hs	710	7772C794
FILE	.\packages\base\Prelude.hs	4294	A9B6A57D
FILE	.\packages\base\System\Cmd.hs	2469	A4CFBD56
FILE	.\packages\base\System\Console\GetOpt.hs	13627	BEAE08E1
FILE	.\packages\base\System\CPUTime.hs	1418	5467E3FA
FILE	.\packages\base\System\Directory\Internals.hs	6033	48CDE9B0
FILE	.\packages\base\System\Directory.c	1429	86306239
FILE	.\packages\base\System\Directory.dll	449157	9B948BDA
FILE	.\packages\base\System\Directory.hs	11595	1FE715E
FILE	.\packages\base\System\Environment.hs	1311	433257FB
FILE	.\packages\base\System\Exit.hs	2091	DBEAC9B8
FILE	.\packages\base\System\Info.hs	1724	68F56545
FILE	.\packages\base\System\IO\Error.hs	11182	A5415595
FILE	.\packages\base\System\IO\Unsafe.hs	759	732CF66C
FILE	.\packages\base\System\IO.hs	7615	BF3E9A5A
FILE	.\packages\base\System\Locale.hs	2736	70DEAE64
FILE	.\packages\base\System\Mem\StableName.hs	2176	72562F6F
FILE	.\packages\base\System\Mem\Weak.hs	5958	80AE762F
FILE	.\packages\base\System\Mem.hs	584	7BA1F140
FILE	.\packages\base\System\Random.hs	14553	FDB0DBAC
FILE	.\packages\base\System\Time.hs	19015	87E55385
FILE	.\packages\base\Text\ParserCombinators\ReadP.hs	15537	A5BE3CDE
FILE	.\packages\base\Text\ParserCombinators\ReadPrec.hs	4654	DF4D73A6
FILE	.\packages\base\Text\PrettyPrint\HughesPJ.hs	35159	AA72BC31
FILE	.\packages\base\Text\PrettyPrint.hs	749	FAD334B0
FILE	.\packages\base\Text\Printf.hs	8752	9D0C5182
FILE	.\packages\base\Text\Read\Lex.hs	12502	4B3103F4
FILE	.\packages\base\Text\Read.hs	1769	985388FB
FILE	.\packages\base\Text\Show\Functions.hs	719	28264F0E
FILE	.\packages\base\Text\Show.hs	1377	730E46AE
FILE	.\packages\haskell98\Array.hs	216	C00C7052
FILE	.\packages\haskell98\Bits.hs	58	A8B22CF1
FILE	.\packages\haskell98\CError.hs	70	1C0CDD30
FILE	.\packages\haskell98\CForeign.hs	62	4942FB46
FILE	.\packages\haskell98\Char.hs	344	F057621B
FILE	.\packages\haskell98\Complex.hs	148	24E14ACF
FILE	.\packages\haskell98\CPUTime.hs	89	BBBB2BAA
FILE	.\packages\haskell98\CString.hs	73	882BCA3C
FILE	.\packages\haskell98\CTypes.hs	70	BE94C102
FILE	.\packages\haskell98\Directory.hs	394	1B47A4D3
FILE	.\packages\haskell98\ForeignPtr.hs	80	50C46B0E
FILE	.\packages\haskell98\Int.hs	55	3F7BF7BB
FILE	.\packages\haskell98\IO.hs	2220	34F78DD
FILE	.\packages\haskell98\Ix.hs	84	875D046D
FILE	.\packages\haskell98\LICENSE	1377	E479C83A
FILE	.\packages\haskell98\List.hs	1160	E780DCB
FILE	.\packages\haskell98\Locale.hs	269	4703DA2F
FILE	.\packages\haskell98\MarshalAlloc.hs	88	F46B25B6
FILE	.\packages\haskell98\MarshalArray.hs	88	60606440
FILE	.\packages\haskell98\MarshalError.hs	348	2311C00B
FILE	.\packages\haskell98\MarshalUtils.hs	88	FAC0597E
FILE	.\packages\haskell98\Maybe.hs	230	F4AE23CF
FILE	.\packages\haskell98\Monad.hs	377	890CAC85
FILE	.\packages\haskell98\Paths_haskell98.hs	730	9B5E548A
FILE	.\packages\haskell98\Ptr.hs	59	53D82C83
FILE	.\packages\haskell98\Random.hs	236	A4E19F32
FILE	.\packages\haskell98\Ratio.hs	114	53704969
FILE	.\packages\haskell98\StablePtr.hs	77	2FF92AD7
FILE	.\packages\haskell98\Storable.hs	74	391C4357
FILE	.\packages\haskell98\System.hs	201	D6E9E582
FILE	.\packages\haskell98\Time.hs	616	AEFFCEAB
FILE	.\packages\haskell98\Word.hs	58	7A8EC6A3
FILE	.\packages\hugsbase\Hugs\Array.hs	3873	AD00A527
FILE	.\packages\hugsbase\Hugs\Bits.hs	363	FB35BC47
FILE	.\packages\hugsbase\Hugs\ByteArray.hs	3233	189EEFAD
FILE	.\packages\hugsbase\Hugs\Char.hs	1563	B896EE4F
FILE	.\packages\hugsbase\Hugs\ConcBase.hs	5687	F9FB568D
FILE	.\packages\hugsbase\Hugs\CVHAssert.hs	3474	9A88A53D
FILE	.\packages\hugsbase\Hugs\Directory.hs	3010	AE90B155
FILE	.\packages\hugsbase\Hugs\Dynamic.hs	326	4DFD7709
FILE	.\packages\hugsbase\Hugs\Exception.hs	2412	DE1FAA50
FILE	.\packages\hugsbase\Hugs\ForeignPtr.hs	1250	BE4DF6C
FILE	.\packages\hugsbase\Hugs\GenericPrint.hs	9982	50D1A2EC
FILE	.\packages\hugsbase\Hugs\Int.hs	12740	2A36B3A5
FILE	.\packages\hugsbase\Hugs\Internals.hs	7821	E1C0EED3
FILE	.\packages\hugsbase\Hugs\IO.hs	5149	231F55FE
FILE	.\packages\hugsbase\Hugs\IOArray.hs	2627	482EC22B
FILE	.\packages\hugsbase\Hugs\IOExts.hs	3226	420FA896
FILE	.\packages\hugsbase\Hugs\IORef.hs	574	76B5FC49
FILE	.\packages\hugsbase\Hugs\LazyST.hs	2005	47E8D5AC
FILE	.\packages\hugsbase\Hugs\Memo.hs	4872	3762CC19
FILE	.\packages\hugsbase\Hugs\Numeric.hs	10634	E06854E4
FILE	.\packages\hugsbase\Hugs\Observe.hs	178	D7BAD53A
FILE	.\packages\hugsbase\Hugs\Prelude.hs	67375	2CC225D6
FILE	.\packages\hugsbase\Hugs\Ptr.hs	2471	AE3578A4
FILE	.\packages\hugsbase\Hugs\Quote.hs	1598	756126FF
FILE	.\packages\hugsbase\Hugs\ST.hs	4731	E96DF478
FILE	.\packages\hugsbase\Hugs\Stable.hs	344	ADBC668C
FILE	.\packages\hugsbase\Hugs\StablePtr.hs	436	E588A73F
FILE	.\packages\hugsbase\Hugs\Storable.c	14938	ED14615F
FILE	.\packages\hugsbase\Hugs\Storable.dll	45589	E2ED4579
FILE	.\packages\hugsbase\Hugs\Storable.hs	3954	45AE9C9D
FILE	.\packages\hugsbase\Hugs\System.hs	1829	95A6C0BE
FILE	.\packages\hugsbase\Hugs\Time.hs	805	4C13AA2D
FILE	.\packages\hugsbase\Hugs\Trex.hs	1928	12BF437A
FILE	.\packages\hugsbase\Hugs\Weak.hs	2033	CB10D63D
FILE	.\packages\hugsbase\Hugs\Word.hs	15872	79CA1A43
FILE	.\packages\hugsbase\Hugs.hs	76	E3AA3853
FILE	.\packages\hugsbase\Paths_hugsbase.hs	726	588B97A1
FILE	.\readme.txt	2349	B7C9E52C
FILE	.\uninstaller.exe	62237	E1C030EE
FILE	.\winhugs.exe	634880	8FD130F7
FILE	C:\Users\FKD638\Desktop\WinHugs.lnk
FILE	C:\Users\FKD638\AppData\Roaming\Microsoft\Windows\Start Menu\Programs\WinHugs\WinHugs.lnk
FILE	C:\Users\FKD638\AppData\Roaming\Microsoft\Windows\Start Menu\Programs\WinHugs\Readme.lnk
